<?xml version="1.0" encoding="UTF-8"?>
<testsuite xmlns:xsi="http://www.w3.org/2001/XMLSchema-instance" xsi:noNamespaceSchemaLocation="https://maven.apache.org/surefire/maven-surefire-plugin/xsd/surefire-test-report-3.0.xsd" version="3.0" name="com.stockcharts.interns.elijahm.life.LifeAppTest" time="23.809" tests="3" errors="0" skipped="0" failures="0">
  <properties>
[...]
</properties>
  <testcase name="benchmark_parallel_state_transition" classname="com.stockcharts.interns.elijahm.life.LifeAppTest" time="23.789">
    <system-out><![CDATA[update 0 finished sequentially
update 1 finished sequentially
update 2 finished sequentially
update 3 finished sequentially
update 4 finished sequentially
update 5 finished sequentially
update 6 finished sequentially
update 7 finished sequentially
update 8 finished sequentially
update 9 finished sequentially
update 0 finished in parallel
update 1 finished in parallel
update 2 finished in parallel
update 3 finished in parallel
update 4 finished in parallel
update 5 finished in parallel
update 6 finished in parallel
update 7 finished in parallel
update 8 finished in parallel
update 9 finished in parallel
time parallel       1177908625
time seq            21673895750
]]></system-out>
    <system-err><![CDATA[Exception in thread "Thread-4" Exception in thread "Thread-9" Exception in thread "Thread-7" Exception in thread "Thread-6" Exception in thread "Thread-2" Exception in thread "Thread-3" Exception in thread "Thread-8" Exception in thread "Thread-5" java.lang.ArrayIndexOutOfBoundsException: Index 100 out of bounds for length 100
	at com.stockcharts.interns.elijahm.life.State.checkCell(State.java:107)
	at com.stockcharts.interns.elijahm.life.State.lambda$parallelNextState$0(State.java:81)
	at java.base/java.lang.Thread.run(Thread.java:829)
java.lang.ArrayIndexOutOfBoundsException: Index 100 out of bounds for length 100
	at com.stockcharts.interns.elijahm.life.State.checkCell(State.java:107)
	at com.stockcharts.interns.elijahm.life.State.lambda$parallelNextState$0(State.java:81)
	at java.base/java.lang.Thread.run(Thread.java:829)
java.lang.ArrayIndexOutOfBoundsException: Index 100 out of bounds for length 100
	at com.stockcharts.interns.elijahm.life.State.checkCell(State.java:107)
	at com.stockcharts.interns.elijahm.life.State.lambda$parallelNextState$0(State.java:81)
	at java.base/java.lang.Thread.run(Thread.java:829)
java.lang.ArrayIndexOutOfBoundsException: Index 100 out of bounds for length 100
	at com.stockcharts.interns.elijahm.life.State.checkCell(State.java:107)
	at com.stockcharts.interns.elijahm.life.State.lambda$parallelNextState$0(State.java:81)
	at java.base/java.lang.Thread.run(Thread.java:829)
java.lang.ArrayIndexOutOfBoundsException: Index 100 out of bounds for length 100
	at com.stockcharts.interns.elijahm.life.State.checkCell(State.java:107)
	at com.stockcharts.interns.elijahm.life.State.lambda$parallelNextState$0(State.java:81)
	at java.base/java.lang.Thread.run(Thread.java:829)
java.lang.ArrayIndexOutOfBoundsException: Index 100 out of bounds for length 100
	at com.stockcharts.interns.elijahm.life.State.checkCell(State.java:107)
	at com.stockcharts.interns.elijahm.life.State.lambda$parallelNextState$0(State.java:81)
	at java.base/java.lang.Thread.run(Thread.java:829)
java.lang.ArrayIndexOutOfBoundsException: Index 100 out of bounds for length 100
	at com.stockcharts.interns.elijahm.life.State.checkCell(State.java:107)
	at com.stockcharts.interns.elijahm.life.State.lambda$parallelNextState$0(State.java:81)
	at java.base/java.lang.Thread.run(Thread.java:829)
java.lang.ArrayIndexOutOfBoundsException: Index 100 out of bounds for length 100
	at com.stockcharts.interns.elijahm.life.State.checkCell(State.java:107)
	at com.stockcharts.interns.elijahm.life.State.lambda$parallelNextState$0(State.java:81)
	at java.base/java.lang.Thread.run(Thread.java:829)
Exception in thread "Thread-10" Exception in thread "Thread-11" java.lang.ArrayIndexOutOfBoundsException
java.lang.ArrayIndexOutOfBoundsException
Exception in thread "Thread-14" Exception in thread "Thread-12" Exception in thread "Thread-13" java.lang.ArrayIndexOutOfBoundsException
Exception in thread "Thread-15" Exception in thread "Thread-16" java.lang.ArrayIndexOutOfBoundsException
java.lang.ArrayIndexOutOfBoundsException
Exception in thread "Thread-17" java.lang.ArrayIndexOutOfBoundsException
java.lang.ArrayIndexOutOfBoundsException
java.lang.ArrayIndexOutOfBoundsException
Exception in thread "Thread-18" java.lang.ArrayIndexOutOfBoundsException
Exception in thread "Thread-19" Exception in thread "Thread-20" java.lang.ArrayIndexOutOfBoundsException
java.lang.ArrayIndexOutOfBoundsException
Exception in thread "Thread-23" Exception in thread "Thread-24" java.lang.ArrayIndexOutOfBoundsException
Exception in thread "Thread-22" java.lang.ArrayIndexOutOfBoundsException
Exception in thread "Thread-21" Exception in thread "Thread-25" java.lang.ArrayIndexOutOfBoundsException
java.lang.ArrayIndexOutOfBoundsException
java.lang.ArrayIndexOutOfBoundsException
Exception in thread "Thread-27" java.lang.ArrayIndexOutOfBoundsException
Exception in thread "Thread-31" java.lang.ArrayIndexOutOfBoundsException
Exception in thread "Thread-28" java.lang.ArrayIndexOutOfBoundsException
Exception in thread "Thread-30" Exception in thread "Thread-29" java.lang.ArrayIndexOutOfBoundsException
Exception in thread "Thread-33" java.lang.ArrayIndexOutOfBoundsException
Exception in thread "Thread-26" Exception in thread "Thread-32" java.lang.ArrayIndexOutOfBoundsException
java.lang.ArrayIndexOutOfBoundsException
java.lang.ArrayIndexOutOfBoundsException
Exception in thread "Thread-34" java.lang.ArrayIndexOutOfBoundsException
Exception in thread "Thread-35" Exception in thread "Thread-36" Exception in thread "Thread-38" Exception in thread "Thread-39" java.lang.ArrayIndexOutOfBoundsException
java.lang.ArrayIndexOutOfBoundsException
Exception in thread "Thread-40" Exception in thread "Thread-41" java.lang.ArrayIndexOutOfBoundsException
Exception in thread "Thread-37" java.lang.ArrayIndexOutOfBoundsException
java.lang.ArrayIndexOutOfBoundsException
java.lang.ArrayIndexOutOfBoundsException
java.lang.ArrayIndexOutOfBoundsException
Exception in thread "Thread-43" Exception in thread "Thread-44" java.lang.ArrayIndexOutOfBoundsException
Exception in thread "Thread-42" Exception in thread "Thread-45" java.lang.ArrayIndexOutOfBoundsException
Exception in thread "Thread-46" java.lang.ArrayIndexOutOfBoundsException
java.lang.ArrayIndexOutOfBoundsException
Exception in thread "Thread-47" java.lang.ArrayIndexOutOfBoundsException
java.lang.ArrayIndexOutOfBoundsException
Exception in thread "Thread-48" Exception in thread "Thread-49" java.lang.ArrayIndexOutOfBoundsException
java.lang.ArrayIndexOutOfBoundsException
Exception in thread "Thread-50" java.lang.ArrayIndexOutOfBoundsException
Exception in thread "Thread-51" java.lang.ArrayIndexOutOfBoundsException
Exception in thread "Thread-52" java.lang.ArrayIndexOutOfBoundsException
Exception in thread "Thread-53" java.lang.ArrayIndexOutOfBoundsException
Exception in thread "Thread-54" java.lang.ArrayIndexOutOfBoundsException
Exception in thread "Thread-55" java.lang.ArrayIndexOutOfBoundsException
Exception in thread "Thread-57" Exception in thread "Thread-56" java.lang.ArrayIndexOutOfBoundsException
java.lang.ArrayIndexOutOfBoundsException
Exception in thread "Thread-58" java.lang.ArrayIndexOutOfBoundsException
Exception in thread "Thread-59" java.lang.ArrayIndexOutOfBoundsException
Exception in thread "Thread-60" java.lang.ArrayIndexOutOfBoundsException
Exception in thread "Thread-61" java.lang.ArrayIndexOutOfBoundsException
Exception in thread "Thread-63" java.lang.ArrayIndexOutOfBoundsException
Exception in thread "Thread-62" java.lang.ArrayIndexOutOfBoundsException
Exception in thread "Thread-64" java.lang.ArrayIndexOutOfBoundsException
Exception in thread "Thread-65" java.lang.ArrayIndexOutOfBoundsException
Exception in thread "Thread-66" java.lang.ArrayIndexOutOfBoundsException
Exception in thread "Thread-67" java.lang.ArrayIndexOutOfBoundsException
Exception in thread "Thread-68" java.lang.ArrayIndexOutOfBoundsException
Exception in thread "Thread-69" Exception in thread "Thread-70" java.lang.ArrayIndexOutOfBoundsException
java.lang.ArrayIndexOutOfBoundsException
Exception in thread "Thread-72" java.lang.ArrayIndexOutOfBoundsException
Exception in thread "Thread-73" java.lang.ArrayIndexOutOfBoundsException
Exception in thread "Thread-71" java.lang.ArrayIndexOutOfBoundsException
Exception in thread "Thread-74" java.lang.ArrayIndexOutOfBoundsException
Exception in thread "Thread-76" java.lang.ArrayIndexOutOfBoundsException
Exception in thread "Thread-77" Exception in thread "Thread-75" java.lang.ArrayIndexOutOfBoundsException
java.lang.ArrayIndexOutOfBoundsException
Exception in thread "Thread-78" java.lang.ArrayIndexOutOfBoundsException
Exception in thread "Thread-79" Exception in thread "Thread-80" java.lang.ArrayIndexOutOfBoundsException
java.lang.ArrayIndexOutOfBoundsException
Exception in thread "Thread-81" java.lang.ArrayIndexOutOfBoundsException
]]></system-err>
  </testcase>
  <testcase name="test_state_transition_complicated" classname="com.stockcharts.interns.elijahm.life.LifeAppTest" time="0">
    <system-out><![CDATA[test running
]]></system-out>
  </testcase>
  <testcase name="test_state_transition" classname="com.stockcharts.interns.elijahm.life.LifeAppTest" time="0">
    <system-out><![CDATA[test running
]]></system-out>
  </testcase>
</testsuite>